{
    "csp-report": {
        "document-uri": "http:\/\/lotus\/views\/dashboard.php",
        "referrer": "http:\/\/lotus\/views\/projetos\/projects.php?user=1",
        "violated-directive": "style-src-elem",
        "effective-directive": "style-src-elem",
        "original-policy": "default-src 'self'; script-src 'self' 'unsafe-inline' 'unsafe-eval'; style-src 'self' 'unsafe-inline'; img-src 'self' data:; font-src 'self'; connect-src 'self'; frame-src 'self'; object-src 'none'; form-action 'self'; base-uri 'self'; report-uri \/report.php",
        "disposition": "enforce",
        "blocked-uri": "https:\/\/fonts.googleapis.com\/css?family=Inter:300,400,500,600,700",
        "line-number": 27,
        "source-file": "http:\/\/lotus\/views\/dashboard.php",
        "status-code": 200,
        "script-sample": ""
    }
}
{
    "csp-report": {
        "document-uri": "http:\/\/lotus\/views\/dashboard.php",
        "referrer": "http:\/\/lotus\/views\/projetos\/projects.php?user=1",
        "violated-directive": "script-src-elem",
        "effective-directive": "script-src-elem",
        "original-policy": "default-src 'self'; script-src 'self' 'unsafe-inline' 'unsafe-eval'; style-src 'self' 'unsafe-inline'; img-src 'self' data:; font-src 'self'; connect-src 'self'; frame-src 'self'; object-src 'none'; form-action 'self'; base-uri 'self'; report-uri \/report.php",
        "disposition": "enforce",
        "blocked-uri": "https:\/\/unpkg.com\/blip-chat-widget",
        "status-code": 200,
        "script-sample": ""
    }
}
{
    "csp-report": {
        "document-uri": "http:\/\/lotus\/views\/dashboard.php",
        "referrer": "http:\/\/lotus\/views\/projetos\/projects.php?user=1",
        "violated-directive": "script-src-elem",
        "effective-directive": "script-src-elem",
        "original-policy": "default-src 'self'; script-src 'self' 'unsafe-inline' 'unsafe-eval'; style-src 'self' 'unsafe-inline'; img-src 'self' data:; font-src 'self'; connect-src 'self'; frame-src 'self'; object-src 'none'; form-action 'self'; base-uri 'self'; report-uri \/report.php",
        "disposition": "enforce",
        "blocked-uri": "https:\/\/cdn.amcharts.com\/lib\/5\/index.js",
        "line-number": 3755,
        "column-number": 31,
        "source-file": "http:\/\/lotus\/views\/dashboard.php",
        "status-code": 200,
        "script-sample": ""
    }
}
{
    "csp-report": {
        "document-uri": "http:\/\/lotus\/views\/dashboard.php",
        "referrer": "http:\/\/lotus\/views\/projetos\/projects.php?user=1",
        "violated-directive": "script-src-elem",
        "effective-directive": "script-src-elem",
        "original-policy": "default-src 'self'; script-src 'self' 'unsafe-inline' 'unsafe-eval'; style-src 'self' 'unsafe-inline'; img-src 'self' data:; font-src 'self'; connect-src 'self'; frame-src 'self'; object-src 'none'; form-action 'self'; base-uri 'self'; report-uri \/report.php",
        "disposition": "enforce",
        "blocked-uri": "https:\/\/cdn.amcharts.com\/lib\/5\/xy.js",
        "line-number": 3755,
        "column-number": 31,
        "source-file": "http:\/\/lotus\/views\/dashboard.php",
        "status-code": 200,
        "script-sample": ""
    }
}
{
    "csp-report": {
        "document-uri": "http:\/\/lotus\/views\/dashboard.php",
        "referrer": "http:\/\/lotus\/views\/projetos\/projects.php?user=1",
        "violated-directive": "script-src-elem",
        "effective-directive": "script-src-elem",
        "original-policy": "default-src 'self'; script-src 'self' 'unsafe-inline' 'unsafe-eval'; style-src 'self' 'unsafe-inline'; img-src 'self' data:; font-src 'self'; connect-src 'self'; frame-src 'self'; object-src 'none'; form-action 'self'; base-uri 'self'; report-uri \/report.php",
        "disposition": "enforce",
        "blocked-uri": "https:\/\/cdn.amcharts.com\/lib\/5\/percent.js",
        "line-number": 3755,
        "column-number": 31,
        "source-file": "http:\/\/lotus\/views\/dashboard.php",
        "status-code": 200,
        "script-sample": ""
    }
}
{
    "csp-report": {
        "document-uri": "http:\/\/lotus\/views\/dashboard.php",
        "referrer": "http:\/\/lotus\/views\/projetos\/projects.php?user=1",
        "violated-directive": "script-src-elem",
        "effective-directive": "script-src-elem",
        "original-policy": "default-src 'self'; script-src 'self' 'unsafe-inline' 'unsafe-eval'; style-src 'self' 'unsafe-inline'; img-src 'self' data:; font-src 'self'; connect-src 'self'; frame-src 'self'; object-src 'none'; form-action 'self'; base-uri 'self'; report-uri \/report.php",
        "disposition": "enforce",
        "blocked-uri": "https:\/\/cdn.amcharts.com\/lib\/5\/radar.js",
        "line-number": 3755,
        "column-number": 31,
        "source-file": "http:\/\/lotus\/views\/dashboard.php",
        "status-code": 200,
        "script-sample": ""
    }
}
{
    "csp-report": {
        "document-uri": "http:\/\/lotus\/views\/dashboard.php",
        "referrer": "http:\/\/lotus\/views\/projetos\/projects.php?user=1",
        "violated-directive": "script-src-elem",
        "effective-directive": "script-src-elem",
        "original-policy": "default-src 'self'; script-src 'self' 'unsafe-inline' 'unsafe-eval'; style-src 'self' 'unsafe-inline'; img-src 'self' data:; font-src 'self'; connect-src 'self'; frame-src 'self'; object-src 'none'; form-action 'self'; base-uri 'self'; report-uri \/report.php",
        "disposition": "enforce",
        "blocked-uri": "https:\/\/cdn.amcharts.com\/lib\/5\/themes\/Animated.js",
        "line-number": 3755,
        "column-number": 31,
        "source-file": "http:\/\/lotus\/views\/dashboard.php",
        "status-code": 200,
        "script-sample": ""
    }
}
{
    "csp-report": {
        "document-uri": "http:\/\/lotus\/views\/dashboard.php",
        "referrer": "http:\/\/lotus\/views\/projetos\/projects.php?user=1",
        "violated-directive": "img-src",
        "effective-directive": "img-src",
        "original-policy": "default-src 'self'; script-src 'self' 'unsafe-inline' 'unsafe-eval' https:\/\/unpkg.com https:\/\/cdn.amcharts.com; style-src 'self' 'unsafe-inline' https:\/\/fonts.googleapis.com; img-src 'self' data:; font-src 'self' https:\/\/fonts.gstatic.com; connect-src 'self'; frame-src 'self'; object-src 'none'; form-action 'self'; base-uri 'self'; report-uri \/report.php;",
        "disposition": "enforce",
        "blocked-uri": "https:\/\/blipmediastore.blob.core.windows.net\/public-medias\/Media_90feb249-413c-4869-b0e2-5664adf47eaa",
        "status-code": 200,
        "script-sample": ""
    }
}
{
    "csp-report": {
        "document-uri": "http:\/\/lotus\/views\/dashboard.php",
        "referrer": "http:\/\/lotus\/views\/projetos\/projects.php?user=1",
        "violated-directive": "frame-src",
        "effective-directive": "frame-src",
        "original-policy": "default-src 'self'; script-src 'self' 'unsafe-inline' 'unsafe-eval' https:\/\/unpkg.com https:\/\/cdn.amcharts.com; style-src 'self' 'unsafe-inline' https:\/\/fonts.googleapis.com; img-src 'self' data:; font-src 'self' https:\/\/fonts.gstatic.com; connect-src 'self'; frame-src 'self'; object-src 'none'; form-action 'self'; base-uri 'self'; report-uri \/report.php;",
        "disposition": "enforce",
        "blocked-uri": "https:\/\/grupoep1.chat.blip.ai",
        "status-code": 200,
        "script-sample": ""
    }
}
{
    "csp-report": {
        "document-uri": "http:\/\/lotus\/views\/dashboard.php",
        "referrer": "http:\/\/lotus\/views\/projetos\/projects.php?user=1",
        "violated-directive": "img-src",
        "effective-directive": "img-src",
        "original-policy": "default-src 'self'; script-src 'self' 'unsafe-inline' 'unsafe-eval' https:\/\/unpkg.com https:\/\/cdn.amcharts.com; style-src 'self' 'unsafe-inline' https:\/\/fonts.googleapis.com; img-src 'self' data:; font-src 'self' https:\/\/fonts.gstatic.com; connect-src 'self'; frame-src 'self'; object-src 'none'; form-action 'self'; base-uri 'self'; report-uri \/report.php;",
        "disposition": "enforce",
        "blocked-uri": "https:\/\/blipmediastore.blob.core.windows.net\/public-medias\/Media_90feb249-413c-4869-b0e2-5664adf47eaa",
        "status-code": 200,
        "script-sample": ""
    }
}
{
    "csp-report": {
        "document-uri": "http:\/\/lotus\/views\/dashboard.php",
        "referrer": "http:\/\/lotus\/views\/projetos\/projects.php?user=1",
        "violated-directive": "frame-src",
        "effective-directive": "frame-src",
        "original-policy": "default-src 'self'; script-src 'self' 'unsafe-inline' 'unsafe-eval' https:\/\/unpkg.com https:\/\/cdn.amcharts.com; style-src 'self' 'unsafe-inline' https:\/\/fonts.googleapis.com; img-src 'self' data:; font-src 'self' https:\/\/fonts.gstatic.com; connect-src 'self'; frame-src 'self'; object-src 'none'; form-action 'self'; base-uri 'self'; report-uri \/report.php;",
        "disposition": "enforce",
        "blocked-uri": "https:\/\/grupoep1.chat.blip.ai",
        "status-code": 200,
        "script-sample": ""
    }
}
